# JRE version: OpenJDK Runtime Environment (8.0_152) (build 1.8.0_152-release-1343-b16-5323222)
# Java VM: OpenJDK 64-Bit Server VM (25.152-b16-5323222 mixed mode linux-amd64 compressed oops)
Heap:
 PSYoungGen      total 408064K, used 319117K [0x00000000e0000000, 0x0000000100000000, 0x0000000100000000)
  eden space 319488K, 99% used [0x00000000e0000000,0x00000000f37a3658,0x00000000f3800000)
  from space 88576K, 0% used [0x00000000f3800000,0x00000000f3800000,0x00000000f8e80000)
  to   space 113152K, 0% used [0x00000000f9180000,0x00000000f9180000,0x0000000100000000)
 ParOldGen       total 951296K, used 944597K [0x00000000a0000000, 0x00000000da100000, 0x00000000e0000000)
  object space 951296K, 99% used [0x00000000a0000000,0x00000000d9a75738,0x00000000da100000)
 Metaspace       used 73391K, capacity 75880K, committed 76032K, reserved 1116160K
  class space    used 9093K, capacity 9589K, committed 9728K, reserved 1048576K
GC Heap History (10 events):
Event: 627.312 GC heap before
{Heap before GC invocations=48 (full 7):
 PSYoungGen      total 439296K, used 345102K [0x00000000e0000000, 0x0000000100000000, 0x0000000100000000)
  eden space 350208K, 98% used [0x00000000e0000000,0x00000000f5103a68,0x00000000f5600000)
  from space 89088K, 0% used [0x00000000fa900000,0x00000000fa900000,0x0000000100000000)
  to   space 84992K, 0% used [0x00000000f5600000,0x00000000f5600000,0x00000000fa900000)
 ParOldGen       total 339968K, used 244590K [0x00000000a0000000, 0x00000000b4c00000, 0x00000000e0000000)
  object space 339968K, 71% used [0x00000000a0000000,0x00000000aeedb828,0x00000000b4c00000)
 Metaspace       used 73369K, capacity 75870K, committed 76032K, reserved 1116160K
  class space    used 9088K, capacity 9586K, committed 9728K, reserved 1048576K
Event: 627.378 GC heap after
Heap after GC invocations=48 (full 7):
 PSYoungGen      total 419328K, used 69069K [0x00000000e0000000, 0x0000000100000000, 0x0000000100000000)
  eden space 350208K, 0% used [0x00000000e0000000,0x00000000e0000000,0x00000000f5600000)
  from space 69120K, 99% used [0x00000000f5600000,0x00000000f9973780,0x00000000f9980000)
  to   space 92672K, 0% used [0x00000000fa580000,0x00000000fa580000,0x0000000100000000)
 ParOldGen       total 339968K, used 273043K [0x00000000a0000000, 0x00000000b4c00000, 0x00000000e0000000)
  object space 339968K, 80% used [0x00000000a0000000,0x00000000b0aa4d88,0x00000000b4c00000)
 Metaspace       used 73369K, capacity 75870K, committed 76032K, reserved 1116160K
  class space    used 9088K, capacity 9586K, committed 9728K, reserved 1048576K
}
Event: 630.292 GC heap before
{Heap before GC invocations=49 (full 8):
 PSYoungGen      total 419328K, used 419277K [0x00000000e0000000, 0x0000000100000000, 0x0000000100000000)
  eden space 350208K, 100% used [0x00000000e0000000,0x00000000f5600000,0x00000000f5600000)
  from space 69120K, 99% used [0x00000000f5600000,0x00000000f9973780,0x00000000f9980000)
  to   space 92672K, 0% used [0x00000000fa580000,0x00000000fa580000,0x0000000100000000)
 ParOldGen       total 895488K, used 893909K [0x00000000a0000000, 0x00000000d6a80000, 0x00000000e0000000)
  object space 895488K, 99% used [0x00000000a0000000,0x00000000d68f55f8,0x00000000d6a80000)
 Metaspace       used 73369K, capacity 75870K, committed 76032K, reserved 1116160K
  class space    used 9088K, capacity 9586K, committed 9728K, reserved 1048576K
Event: 630.800 GC heap after
Heap after GC invocations=49 (full 8):
 PSYoungGen      total 419328K, used 0K [0x00000000e0000000, 0x0000000100000000, 0x0000000100000000)
  eden space 350208K, 0% used [0x00000000e0000000,0x00000000e0000000,0x00000000f5600000)
  from space 69120K, 0% used [0x00000000f5600000,0x00000000f5600000,0x00000000f9980000)
  to   space 92672K, 0% used [0x00000000fa580000,0x00000000fa580000,0x0000000100000000)
 ParOldGen       total 640000K, used 514247K [0x00000000a0000000, 0x00000000c7100000, 0x00000000e0000000)
  object space 640000K, 80% used [0x00000000a0000000,0x00000000bf631d00,0x00000000c7100000)
 Metaspace       used 73369K, capacity 75870K, committed 76032K, reserved 1116160K
  class space    used 9088K, capacity 9586K, committed 9728K, reserved 1048576K
}
Event: 632.374 GC heap before
{Heap before GC invocations=50 (full 8):
 PSYoungGen      total 419328K, used 324049K [0x00000000e0000000, 0x0000000100000000, 0x0000000100000000)
  eden space 350208K, 92% used [0x00000000e0000000,0x00000000f3c74430,0x00000000f5600000)
  from space 69120K, 0% used [0x00000000f5600000,0x00000000f5600000,0x00000000f9980000)
  to   space 92672K, 0% used [0x00000000fa580000,0x00000000fa580000,0x0000000100000000)
 ParOldGen       total 640000K, used 514247K [0x00000000a0000000, 0x00000000c7100000, 0x00000000e0000000)
  object space 640000K, 80% used [0x00000000a0000000,0x00000000bf631d00,0x00000000c7100000)
 Metaspace       used 73391K, capacity 75880K, committed 76032K, reserved 1116160K
  class space    used 9093K, capacity 9589K, committed 9728K, reserved 1048576K
Event: 632.400 GC heap after
Heap after GC invocations=50 (full 8):
 PSYoungGen      total 412160K, used 80600K [0x00000000e0000000, 0x0000000100000000, 0x0000000100000000)
  eden space 319488K, 0% used [0x00000000e0000000,0x00000000e0000000,0x00000000f3800000)
  from space 92672K, 86% used [0x00000000fa580000,0x00000000ff436168,0x0000000100000000)
  to   space 102400K, 0% used [0x00000000f3800000,0x00000000f3800000,0x00000000f9c00000)
 ParOldGen       total 640000K, used 547023K [0x00000000a0000000, 0x00000000c7100000, 0x00000000e0000000)
  object space 640000K, 85% used [0x00000000a0000000,0x00000000c1633d10,0x00000000c7100000)
 Metaspace       used 73391K, capacity 75880K, committed 76032K, reserved 1116160K
  class space    used 9093K, capacity 9589K, committed 9728K, reserved 1048576K
}
Event: 632.711 GC heap before
{Heap before GC invocations=51 (full 8):
 PSYoungGen      total 412160K, used 375969K [0x00000000e0000000, 0x0000000100000000, 0x0000000100000000)
  eden space 319488K, 92% used [0x00000000e0000000,0x00000000f20725b0,0x00000000f3800000)
  from space 92672K, 86% used [0x00000000fa580000,0x00000000ff436168,0x0000000100000000)
  to   space 102400K, 0% used [0x00000000f3800000,0x00000000f3800000,0x00000000f9c00000)
 ParOldGen       total 771584K, used 678095K [0x00000000a0000000, 0x00000000cf180000, 0x00000000e0000000)
  object space 771584K, 87% used [0x00000000a0000000,0x00000000c9633d20,0x00000000cf180000)
 Metaspace       used 73391K, capacity 75880K, committed 76032K, reserved 1116160K
  class space    used 9093K, capacity 9589K, committed 9728K, reserved 1048576K
Event: 632.786 GC heap after
Heap after GC invocations=51 (full 8):
 PSYoungGen      total 408064K, used 88094K [0x00000000e0000000, 0x0000000100000000, 0x0000000100000000)
  eden space 319488K, 0% used [0x00000000e0000000,0x00000000e0000000,0x00000000f3800000)
  from space 88576K, 99% used [0x00000000f3800000,0x00000000f8e07b68,0x00000000f8e80000)
  to   space 113152K, 0% used [0x00000000f9180000,0x00000000f9180000,0x0000000100000000)
 ParOldGen       total 809472K, used 799303K [0x00000000a0000000, 0x00000000d1680000, 0x00000000e0000000)
  object space 809472K, 98% used [0x00000000a0000000,0x00000000d0c91e38,0x00000000d1680000)
 Metaspace       used 73391K, capacity 75880K, committed 76032K, reserved 1116160K
  class space    used 9093K, capacity 9589K, committed 9728K, reserved 1048576K
}
Event: 632.786 GC heap before
{Heap before GC invocations=52 (full 9):
 PSYoungGen      total 408064K, used 88094K [0x00000000e0000000, 0x0000000100000000, 0x0000000100000000)
  eden space 319488K, 0% used [0x00000000e0000000,0x00000000e0000000,0x00000000f3800000)
  from space 88576K, 99% used [0x00000000f3800000,0x00000000f8e07b68,0x00000000f8e80000)
  to   space 113152K, 0% used [0x00000000f9180000,0x00000000f9180000,0x0000000100000000)
 ParOldGen       total 809472K, used 799303K [0x00000000a0000000, 0x00000000d1680000, 0x00000000e0000000)
  object space 809472K, 98% used [0x00000000a0000000,0x00000000d0c91e38,0x00000000d1680000)
 Metaspace       used 73391K, capacity 75880K, committed 76032K, reserved 1116160K
  class space    used 9093K, capacity 9589K, committed 9728K, reserved 1048576K
Event: 633.107 GC heap after
Heap after GC invocations=52 (full 9):
 PSYoungGen      total 408064K, used 0K [0x00000000e0000000, 0x0000000100000000, 0x0000000100000000)
  eden space 319488K, 0% used [0x00000000e0000000,0x00000000e0000000,0x00000000f3800000)
  from space 88576K, 0% used [0x00000000f3800000,0x00000000f3800000,0x00000000f8e80000)
  to   space 113152K, 0% used [0x00000000f9180000,0x00000000f9180000,0x0000000100000000)
 ParOldGen       total 918016K, used 739026K [0x00000000a0000000, 0x00000000d8080000, 0x00000000e0000000)
  object space 918016K, 80% used [0x00000000a0000000,0x00000000cd1b4a78,0x00000000d8080000)
 Metaspace       used 73391K, capacity 75880K, committed 76032K, reserved 1116160K
  class space    used 9093K, capacity 9589K, committed 9728K, reserved 1048576K
}

